<?xml version="1.0" encoding="UTF-8"?>
<testsuite xmlns:xsi="http://www.w3.org/2001/XMLSchema-instance" xsi:schemaLocation="https://maven.apache.org/surefire/maven-surefire-plugin/xsd/surefire-test-report.xsd" name="com.controller.sweng894.ComControllerTest" time="0.734" tests="34" errors="0" skipped="0" failures="0">
  <properties>
    <property name="jansi.mode" value="strip"/>
    <property name="java.runtime.name" value="OpenJDK Runtime Environment"/>
    <property name="java.vm.version" value="18.0.1+10"/>
    <property name="sun.boot.library.path" value="C:\Users\hef11\.p2\pool\plugins\org.eclipse.justj.openjdk.hotspot.jre.full.win32.x86_64_18.0.1.v20220515-1614\jre\bin"/>
    <property name="maven.multiModuleProjectDirectory" value="C:\Users\hef11\git\Multistage-Compressor-Controller\com-controller"/>
    <property name="java.vm.vendor" value="Eclipse Adoptium"/>
    <property name="java.vendor.url" value="https://adoptium.net/"/>
    <property name="guice.disable.misplaced.annotation.check" value="true"/>
    <property name="path.separator" value=";"/>
    <property name="java.vm.name" value="OpenJDK 64-Bit Server VM"/>
    <property name="sun.os.patch.level" value=""/>
    <property name="user.script" value=""/>
    <property name="user.country" value="US"/>
    <property name="sun.java.launcher" value="SUN_STANDARD"/>
    <property name="java.vm.specification.name" value="Java Virtual Machine Specification"/>
    <property name="user.dir" value="C:\Users\hef11\git\Multistage-Compressor-Controller\com-controller"/>
    <property name="java.vm.compressedOopsMode" value="32-bit"/>
    <property name="java.runtime.version" value="18.0.1+10"/>
    <property name="os.arch" value="amd64"/>
    <property name="java.io.tmpdir" value="C:\Users\hef11\AppData\Local\Temp\"/>
    <property name="line.separator" value="&#10;"/>
    <property name="java.vm.specification.vendor" value="Oracle Corporation"/>
    <property name="user.variant" value=""/>
    <property name="os.name" value="Windows 11"/>
    <property name="classworlds.conf" value="C:\Users\hef11\workspace-SWENG\.metadata\.plugins\org.eclipse.m2e.launching\launches\m2conf375076396733540731.tmp"/>
    <property name="sun.jnu.encoding" value="Cp1252"/>
    <property name="java.library.path" value="C:\Users\hef11\.p2\pool\plugins\org.eclipse.justj.openjdk.hotspot.jre.full.win32.x86_64_18.0.1.v20220515-1614\jre\bin;C:\windows\Sun\Java\bin;C:\windows\system32;C:\windows;C:/Users/hef11/.p2/pool/plugins/org.eclipse.justj.openjdk.hotspot.jre.full.win32.x86_64_18.0.1.v20220515-1614/jre/bin/server;C:/Users/hef11/.p2/pool/plugins/org.eclipse.justj.openjdk.hotspot.jre.full.win32.x86_64_18.0.1.v20220515-1614/jre/bin;C:\Program Files\Common Files\Oracle\Java\javapath;C:\windows\system32;C:\windows;C:\windows\System32\Wbem;C:\windows\System32\WindowsPowerShell\v1.0\;C:\windows\System32\OpenSSH\;C:\Program Files\Docker\Docker\resources\bin;C:\ProgramData\DockerDesktop\version-bin;C:\Users\hef11\AppData\Local\Microsoft\WindowsApps;;C:\Users\hef11\Desktop;;."/>
    <property name="jdk.debug" value="release"/>
    <property name="java.class.version" value="62.0"/>
    <property name="java.specification.name" value="Java Platform API Specification"/>
    <property name="sun.management.compiler" value="HotSpot 64-Bit Tiered Compilers"/>
    <property name="os.version" value="10.0"/>
    <property name="user.home" value="C:\Users\hef11"/>
    <property name="user.timezone" value="America/Chicago"/>
    <property name="file.encoding" value="UTF-8"/>
    <property name="java.specification.version" value="18"/>
    <property name="user.name" value="hef11"/>
    <property name="java.class.path" value="C:\Users\hef11\.p2\pool\plugins\org.eclipse.m2e.maven.runtime_1.18.3.20220227-1319\jars\plexus-classworlds-2.6.0.jar"/>
    <property name="java.vm.specification.version" value="18"/>
    <property name="sun.arch.data.model" value="64"/>
    <property name="sun.java.command" value="org.codehaus.plexus.classworlds.launcher.Launcher -B clean install"/>
    <property name="java.home" value="C:\Users\hef11\.p2\pool\plugins\org.eclipse.justj.openjdk.hotspot.jre.full.win32.x86_64_18.0.1.v20220515-1614\jre"/>
    <property name="user.language" value="en"/>
    <property name="java.specification.vendor" value="Oracle Corporation"/>
    <property name="java.vm.info" value="mixed mode"/>
    <property name="java.version" value="18.0.1"/>
    <property name="native.encoding" value="Cp1252"/>
    <property name="java.vendor" value="Eclipse Adoptium"/>
    <property name="maven.home" value="C:\Users\hef11\git\Multistage-Compressor-Controller\com-controller\EMBEDDED"/>
    <property name="file.separator" value="\"/>
    <property name="java.version.date" value="2022-04-19"/>
    <property name="java.vendor.url.bug" value="https://github.com/adoptium/adoptium-support/issues"/>
    <property name="sun.io.unicode.encoding" value="UnicodeLittle"/>
    <property name="sun.cpu.endian" value="little"/>
    <property name="java.vendor.version" value="Temurin-18.0.1+10"/>
    <property name="sun.cpu.isalist" value="amd64"/>
  </properties>
  <testcase name="AutoLoadingPermissivesTest on AutoLoadingPermissivesTest(com.controller.sweng894.ComControllerTest)" classname="com.controller.sweng894.ComControllerTest" time="0.045"/>
  <testcase name="ComAuxOverallPermissiveAssertion on ComAuxOverallPermissiveAssertion(com.controller.sweng894.ComControllerTest)" classname="com.controller.sweng894.ComControllerTest" time="0"/>
  <testcase name="AutoUnLoadingRampCompressorRunningPermissiveNotOkay on AutoUnLoadingRampCompressorRunningPermissiveNotOkay(com.controller.sweng894.ComControllerTest)" classname="com.controller.sweng894.ComControllerTest" time="0"/>
  <testcase name="ComDriveStartIngeration on ComDriveStartIngeration(com.controller.sweng894.ComControllerTest)" classname="com.controller.sweng894.ComControllerTest" time="0.001"/>
  <testcase name="AuxOilsystemHighalarms1 on AuxOilsystemHighalarms1(com.controller.sweng894.ComControllerTest)" classname="com.controller.sweng894.ComControllerTest" time="0.002"/>
  <testcase name="ComAuxOverallShutdownWordAssertion on ComAuxOverallShutdownWordAssertion(com.controller.sweng894.ComControllerTest)" classname="com.controller.sweng894.ComControllerTest" time="0"/>
  <testcase name="ComDriveStop on ComDriveStop(com.controller.sweng894.ComControllerTest)" classname="com.controller.sweng894.ComControllerTest" time="0.001"/>
  <testcase name="comDischargeHighalarms1 on comDischargeHighalarms1(com.controller.sweng894.ComControllerTest)" classname="com.controller.sweng894.ComControllerTest" time="0"/>
  <testcase name="ComEventCompositAssertion on ComEventCompositAssertion(com.controller.sweng894.ComControllerTest)" classname="com.controller.sweng894.ComControllerTest" time="0.008"/>
  <testcase name="ComDriveStart on ComDriveStart(com.controller.sweng894.ComControllerTest)" classname="com.controller.sweng894.ComControllerTest" time="0"/>
  <testcase name="comCoolingPressLowshutdown on comCoolingPressLowshutdown(com.controller.sweng894.ComControllerTest)" classname="com.controller.sweng894.ComControllerTest" time="0"/>
  <testcase name="AutoUnLoadingRampCompressorTripped on AutoUnLoadingRampCompressorTripped(com.controller.sweng894.ComControllerTest)" classname="com.controller.sweng894.ComControllerTest" time="0"/>
  <testcase name="AutoLoadingRamp on AutoLoadingRamp(com.controller.sweng894.ComControllerTest)" classname="com.controller.sweng894.ComControllerTest" time="0.001"/>
  <testcase name="AutoUnLoadingRampCompressorRunningPermissiveOkayVlaveAtFinalPosition on AutoUnLoadingRampCompressorRunningPermissiveOkayVlaveAtFinalPosition(com.controller.sweng894.ComControllerTest)" classname="com.controller.sweng894.ComControllerTest" time="0"/>
  <testcase name="comSuctionLowalarms1 on comSuctionLowalarms1(com.controller.sweng894.ComControllerTest)" classname="com.controller.sweng894.ComControllerTest" time="0"/>
  <testcase name="AutoLoadingPermissives on AutoLoadingPermissives(com.controller.sweng894.ComControllerTest)" classname="com.controller.sweng894.ComControllerTest" time="0"/>
  <testcase name="AutoUnLoadingRampActivePermissiveOkayCompressorRunning on AutoUnLoadingRampActivePermissiveOkayCompressorRunning(com.controller.sweng894.ComControllerTest)" classname="com.controller.sweng894.ComControllerTest" time="0.001"/>
  <testcase name="comDischargeLowalarms1 on comDischargeLowalarms1(com.controller.sweng894.ComControllerTest)" classname="com.controller.sweng894.ComControllerTest" time="0"/>
  <testcase name="LowAlarmTriggered_ByComController_ThenDisableCommandIssued_ByOperator on LowAlarmTriggered_ByComController_ThenDisableCommandIssued_ByOperator(com.controller.sweng894.ComControllerTest)" classname="com.controller.sweng894.ComControllerTest" time="0.001"/>
  <testcase name="comCoolingPressHighshutdown on comCoolingPressHighshutdown(com.controller.sweng894.ComControllerTest)" classname="com.controller.sweng894.ComControllerTest" time="0"/>
  <testcase name="vibpermissive on vibpermissive(com.controller.sweng894.ComControllerTest)" classname="com.controller.sweng894.ComControllerTest" time="0.001"/>
  <testcase name="highalarmleaf on highalarmleaf(com.controller.sweng894.ComControllerTest)" classname="com.controller.sweng894.ComControllerTest" time="0"/>
  <testcase name="ALarmDisabledReEnabled on ALarmDisabledReEnabled(com.controller.sweng894.ComControllerTest)" classname="com.controller.sweng894.ComControllerTest" time="0"/>
  <testcase name="AutoLoadingAssertComSim on AutoLoadingAssertComSim(com.controller.sweng894.ComControllerTest)" classname="com.controller.sweng894.ComControllerTest" time="0.002"/>
  <testcase name="ComDriveShutdown on ComDriveShutdown(com.controller.sweng894.ComControllerTest)" classname="com.controller.sweng894.ComControllerTest" time="0"/>
  <testcase name="AuxcoolingHighalarms1 on AuxcoolingHighalarms1(com.controller.sweng894.ComControllerTest)" classname="com.controller.sweng894.ComControllerTest" time="0.001"/>
  <testcase name="ComDrivePermssive on ComDrivePermssive(com.controller.sweng894.ComControllerTest)" classname="com.controller.sweng894.ComControllerTest" time="0"/>
  <testcase name="lowalarmleaf on lowalarmleaf(com.controller.sweng894.ComControllerTest)" classname="com.controller.sweng894.ComControllerTest" time="0"/>
  <testcase name="ComDriveStartIngerationTripAndPermissiveDetection on ComDriveStartIngerationTripAndPermissiveDetection(com.controller.sweng894.ComControllerTest)" classname="com.controller.sweng894.ComControllerTest" time="0"/>
  <testcase name="AutoUnLoadingPermissives on AutoUnLoadingPermissives(com.controller.sweng894.ComControllerTest)" classname="com.controller.sweng894.ComControllerTest" time="0"/>
  <testcase name="AutoUnLoadingRampCompressorRunningPermissiveOkayVlaveAtOutOfBoundaryPosition on AutoUnLoadingRampCompressorRunningPermissiveOkayVlaveAtOutOfBoundaryPosition(com.controller.sweng894.ComControllerTest)" classname="com.controller.sweng894.ComControllerTest" time="0"/>
  <testcase name="HighAlarmTriggered_ByComController_ThenDisableCommandIssued_ByOperator on HighAlarmTriggered_ByComController_ThenDisableCommandIssued_ByOperator(com.controller.sweng894.ComControllerTest)" classname="com.controller.sweng894.ComControllerTest" time="0"/>
  <testcase name="ComEventAssertion on ComEventAssertion(com.controller.sweng894.ComControllerTest)" classname="com.controller.sweng894.ComControllerTest" time="0"/>
  <testcase name="comSuctionHighalarms1 on comSuctionHighalarms1(com.controller.sweng894.ComControllerTest)" classname="com.controller.sweng894.ComControllerTest" time="0"/>
</testsuite>