<?xml version="1.0" encoding="UTF-8"?>
<!-- Generated by org.testng.reporters.JUnitReportReporter -->
<testsuite hostname="LAPTOP-5S247QQU" failures="0" tests="34" name="com.controller.sweng894.ComControllerTest" time="2.337" errors="0" timestamp="2022-08-14T17:59:50 CDT" skipped="0">
  <testcase classname="com.controller.sweng894.ComControllerTest" name="ComDriveStop" time="0.060"/>
  <system-out/>
  <testcase classname="com.controller.sweng894.ComControllerTest" name="ComEventCompositAssertion" time="0.068"/>
  <system-out/>
  <testcase classname="com.controller.sweng894.ComControllerTest" name="comCoolingPressLowshutdown" time="0.068"/>
  <system-out/>
  <testcase classname="com.controller.sweng894.ComControllerTest" name="ComAuxOverallPermissiveAssertion" time="0.056"/>
  <system-out/>
  <testcase classname="com.controller.sweng894.ComControllerTest" name="ComDriveStartIngerationTripAndPermissiveDetection" time="0.075"/>
  <system-out/>
  <testcase classname="com.controller.sweng894.ComControllerTest" name="ComEventAssertion" time="0.076"/>
  <system-out/>
  <testcase classname="com.controller.sweng894.ComControllerTest" name="AutoUnLoadingRampCompressorRunningPermissiveNotOkay" time="0.057"/>
  <system-out/>
  <testcase classname="com.controller.sweng894.ComControllerTest" name="ComAuxOverallShutdownWordAssertion" time="0.060"/>
  <system-out/>
  <testcase classname="com.controller.sweng894.ComControllerTest" name="AuxOilsystemHighalarms1" time="0.060"/>
  <system-out/>
  <testcase classname="com.controller.sweng894.ComControllerTest" name="AutoUnLoadingRampCompressorRunningPermissiveOkayVlaveAtFinalPosition" time="0.069"/>
  <system-out/>
  <testcase classname="com.controller.sweng894.ComControllerTest" name="AutoLoadingPermissivesTest" time="0.055"/>
  <system-out/>
  <testcase classname="com.controller.sweng894.ComControllerTest" name="ComDriveStart" time="0.069"/>
  <system-out/>
  <testcase classname="com.controller.sweng894.ComControllerTest" name="AutoLoadingAssertComSim" time="0.074"/>
  <system-out/>
  <testcase classname="com.controller.sweng894.ComControllerTest" name="AutoUnLoadingRampCompressorRunningPermissiveOkayVlaveAtOutOfBoundaryPosition" time="0.075"/>
  <system-out/>
  <testcase classname="com.controller.sweng894.ComControllerTest" name="ComDriveStartIngeration" time="0.058"/>
  <system-out/>
  <testcase classname="com.controller.sweng894.ComControllerTest" name="AuxcoolingHighalarms1" time="0.075"/>
  <system-out/>
  <testcase classname="com.controller.sweng894.ComControllerTest" name="HighAlarmTriggered_ByComController_ThenDisableCommandIssued_ByOperator" time="0.075"/>
  <system-out/>
  <testcase classname="com.controller.sweng894.ComControllerTest" name="AutoUnLoadingRampActivePermissiveOkayCompressorRunning" time="0.069"/>
  <system-out/>
  <testcase classname="com.controller.sweng894.ComControllerTest" name="ComDrivePermssive" time="0.076"/>
  <system-out/>
  <testcase classname="com.controller.sweng894.ComControllerTest" name="LowAlarmTriggered_ByComController_ThenDisableCommandIssued_ByOperator" time="0.071"/>
  <system-out/>
  <testcase classname="com.controller.sweng894.ComControllerTest" name="ComDriveShutdown" time="0.074"/>
  <system-out/>
  <testcase classname="com.controller.sweng894.ComControllerTest" name="AutoLoadingRamp" time="0.068"/>
  <system-out/>
  <testcase classname="com.controller.sweng894.ComControllerTest" name="comCoolingPressHighshutdown" time="0.071"/>
  <system-out/>
  <testcase classname="com.controller.sweng894.ComControllerTest" name="AutoLoadingPermissives" time="0.069"/>
  <system-out/>
  <testcase classname="com.controller.sweng894.ComControllerTest" name="AutoUnLoadingPermissives" time="0.075"/>
  <system-out/>
  <testcase classname="com.controller.sweng894.ComControllerTest" name="lowalarmleaf" time="0.075"/>
  <system-out/>
  <testcase classname="com.controller.sweng894.ComControllerTest" name="highalarmleaf" time="0.072"/>
  <system-out/>
  <testcase classname="com.controller.sweng894.ComControllerTest" name="comDischargeHighalarms1" time="0.061"/>
  <system-out/>
  <testcase classname="com.controller.sweng894.ComControllerTest" name="AutoUnLoadingRampCompressorTripped" time="0.068"/>
  <system-out/>
  <testcase classname="com.controller.sweng894.ComControllerTest" name="comDischargeLowalarms1" time="0.070"/>
  <system-out/>
  <testcase classname="com.controller.sweng894.ComControllerTest" name="comSuctionHighalarms1" time="0.076"/>
  <system-out/>
  <testcase classname="com.controller.sweng894.ComControllerTest" name="comSuctionLowalarms1" time="0.069"/>
  <system-out/>
  <testcase classname="com.controller.sweng894.ComControllerTest" name="ALarmDisabledReEnabled" time="0.072"/>
  <system-out/>
  <testcase classname="com.controller.sweng894.ComControllerTest" name="vibpermissive" time="0.071"/>
  <system-out/>
</testsuite> <!-- com.controller.sweng894.ComControllerTest -->
