<?xml version="1.0" encoding="UTF-8"?>
<!-- Generated by org.testng.reporters.JUnitReportReporter -->
<testsuite hostname="LAPTOP-5S247QQU" failures="0" tests="6" name="com.controller.sweng894.ComControllerTest" time="0.052" errors="0" timestamp="2022-06-14T13:51:11 CDT" skipped="0">
  <testcase classname="com.controller.sweng894.ComControllerTest" name="AuxOilsystemHighalarms1" time="0.008"/>
  <system-out/>
  <testcase classname="com.controller.sweng894.ComControllerTest" name="vibpermissive" time="0.008"/>
  <system-out/>
  <testcase classname="com.controller.sweng894.ComControllerTest" name="comSuctionHighalarms1" time="0.009"/>
  <system-out/>
  <testcase classname="com.controller.sweng894.ComControllerTest" name="AuxcoolingHighalarms1" time="0.009"/>
  <system-out/>
  <testcase classname="com.controller.sweng894.ComControllerTest" name="comDischargeHighalarms1" time="0.008"/>
  <system-out/>
  <testcase classname="com.controller.sweng894.ComControllerTest" name="vibalarm" time="0.010"/>
  <system-out/>
</testsuite> <!-- com.controller.sweng894.ComControllerTest -->
