<?xml version="1.0" encoding="UTF-8"?>
<!-- Generated by org.testng.reporters.JUnitReportReporter -->
<testsuite hostname="LAPTOP-5S247QQU" failures="0" tests="13" name="com.controller.sweng894.ComControllerTest" time="0.615" errors="0" timestamp="2022-06-26T16:22:03 CDT" skipped="0">
  <testcase classname="com.controller.sweng894.ComControllerTest" name="comDischargeHighalarms1" time="0.030"/>
  <system-out/>
  <testcase classname="com.controller.sweng894.ComControllerTest" name="AuxcoolingHighalarms1" time="0.064"/>
  <system-out/>
  <testcase classname="com.controller.sweng894.ComControllerTest" name="highalarmleaf" time="0.064"/>
  <system-out/>
  <testcase classname="com.controller.sweng894.ComControllerTest" name="comDischargeLowalarms1" time="0.045"/>
  <system-out/>
  <testcase classname="com.controller.sweng894.ComControllerTest" name="vibpermissive" time="0.063"/>
  <system-out/>
  <testcase classname="com.controller.sweng894.ComControllerTest" name="ComDriveStart" time="0.029"/>
  <system-out/>
  <testcase classname="com.controller.sweng894.ComControllerTest" name="comCoolingPressHighshutdown" time="0.054"/>
  <system-out/>
  <testcase classname="com.controller.sweng894.ComControllerTest" name="comCoolingPressLowshutdown" time="0.037"/>
  <system-out/>
  <testcase classname="com.controller.sweng894.ComControllerTest" name="AuxOilsystemHighalarms1" time="0.024"/>
  <system-out/>
  <testcase classname="com.controller.sweng894.ComControllerTest" name="lowalarmleaf" time="0.065"/>
  <system-out/>
  <testcase classname="com.controller.sweng894.ComControllerTest" name="ComDriveStop" time="0.029"/>
  <system-out/>
  <testcase classname="com.controller.sweng894.ComControllerTest" name="comSuctionHighalarms1" time="0.065"/>
  <system-out/>
  <testcase classname="com.controller.sweng894.ComControllerTest" name="comSuctionLowalarms1" time="0.046"/>
  <system-out/>
</testsuite> <!-- com.controller.sweng894.ComControllerTest -->
