<?xml version="1.0" encoding="UTF-8"?>
<!-- Generated by org.testng.reporters.JUnitReportReporter -->
<testsuite hostname="LAPTOP-5S247QQU" failures="0" tests="11" name="com.controller.sweng894.ComControllerTest" time="0.152" errors="0" timestamp="2022-06-19T22:23:47 CDT" skipped="0">
  <testcase classname="com.controller.sweng894.ComControllerTest" name="comCoolingPressHighshutdown" time="0.014"/>
  <system-out/>
  <testcase classname="com.controller.sweng894.ComControllerTest" name="lowalarmleaf" time="0.015"/>
  <system-out/>
  <testcase classname="com.controller.sweng894.ComControllerTest" name="comSuctionHighalarms1" time="0.015"/>
  <system-out/>
  <testcase classname="com.controller.sweng894.ComControllerTest" name="AuxOilsystemHighalarms1" time="0.014"/>
  <system-out/>
  <testcase classname="com.controller.sweng894.ComControllerTest" name="AuxcoolingHighalarms1" time="0.013"/>
  <system-out/>
  <testcase classname="com.controller.sweng894.ComControllerTest" name="comDischargeLowalarms1" time="0.014"/>
  <system-out/>
  <testcase classname="com.controller.sweng894.ComControllerTest" name="highalarmleaf" time="0.014"/>
  <system-out/>
  <testcase classname="com.controller.sweng894.ComControllerTest" name="comDischargeHighalarms1" time="0.012"/>
  <system-out/>
  <testcase classname="com.controller.sweng894.ComControllerTest" name="comCoolingPressLowshutdown" time="0.013"/>
  <system-out/>
  <testcase classname="com.controller.sweng894.ComControllerTest" name="vibpermissive" time="0.014"/>
  <system-out/>
  <testcase classname="com.controller.sweng894.ComControllerTest" name="comSuctionLowalarms1" time="0.014"/>
  <system-out/>
</testsuite> <!-- com.controller.sweng894.ComControllerTest -->
