<?xml version="1.0" encoding="UTF-8"?>
<!-- Generated by org.testng.reporters.JUnitReportReporter -->
<testsuite hostname="LAPTOP-5S247QQU" failures="0" tests="22" name="com.controller.sweng894.ComControllerTest" time="0.412" errors="0" timestamp="2022-07-17T11:58:45 CDT" skipped="0">
  <testcase classname="com.controller.sweng894.ComControllerTest" name="HighAlarmTriggered_ByComController_ThenDisableCommandIssued_ByOperator" time="0.023"/>
  <system-out/>
  <testcase classname="com.controller.sweng894.ComControllerTest" name="AuxcoolingHighalarms1" time="0.021"/>
  <system-out/>
  <testcase classname="com.controller.sweng894.ComControllerTest" name="ComAuxOverallShutdownWordAssertion" time="0.015"/>
  <system-out/>
  <testcase classname="com.controller.sweng894.ComControllerTest" name="AuxOilsystemHighalarms1" time="0.013"/>
  <system-out/>
  <testcase classname="com.controller.sweng894.ComControllerTest" name="comSuctionLowalarms1" time="0.018"/>
  <system-out/>
  <testcase classname="com.controller.sweng894.ComControllerTest" name="ComDriveStartIngerationTripAndPermissiveDetection" time="0.022"/>
  <system-out/>
  <testcase classname="com.controller.sweng894.ComControllerTest" name="ALarmDisabledReEnabled" time="0.021"/>
  <system-out/>
  <testcase classname="com.controller.sweng894.ComControllerTest" name="ComDrivePermssive" time="0.022"/>
  <system-out/>
  <testcase classname="com.controller.sweng894.ComControllerTest" name="comDischargeLowalarms1" time="0.019"/>
  <system-out/>
  <testcase classname="com.controller.sweng894.ComControllerTest" name="highalarmleaf" time="0.021"/>
  <system-out/>
  <testcase classname="com.controller.sweng894.ComControllerTest" name="vibpermissive" time="0.021"/>
  <system-out/>
  <testcase classname="com.controller.sweng894.ComControllerTest" name="comSuctionHighalarms1" time="0.023"/>
  <system-out/>
  <testcase classname="com.controller.sweng894.ComControllerTest" name="comCoolingPressLowshutdown" time="0.017"/>
  <system-out/>
  <testcase classname="com.controller.sweng894.ComControllerTest" name="ComDriveStartIngeration" time="0.012"/>
  <system-out/>
  <testcase classname="com.controller.sweng894.ComControllerTest" name="lowalarmleaf" time="0.021"/>
  <system-out/>
  <testcase classname="com.controller.sweng894.ComControllerTest" name="ComDriveStop" time="0.016"/>
  <system-out/>
  <testcase classname="com.controller.sweng894.ComControllerTest" name="ComDriveStart" time="0.017"/>
  <system-out/>
  <testcase classname="com.controller.sweng894.ComControllerTest" name="ComDriveShutdown" time="0.021"/>
  <system-out/>
  <testcase classname="com.controller.sweng894.ComControllerTest" name="comCoolingPressHighshutdown" time="0.020"/>
  <system-out/>
  <testcase classname="com.controller.sweng894.ComControllerTest" name="LowAlarmTriggered_ByComController_ThenDisableCommandIssued_ByOperator" time="0.020"/>
  <system-out/>
  <testcase classname="com.controller.sweng894.ComControllerTest" name="comDischargeHighalarms1" time="0.017"/>
  <system-out/>
  <testcase classname="com.controller.sweng894.ComControllerTest" name="ComAuxOverallPermissiveAssertion" time="0.012"/>
  <system-out/>
</testsuite> <!-- com.controller.sweng894.ComControllerTest -->
